<?xml version="1.0" encoding="utf-8" ?>
<!DOCTYPE html PUBLIC "-//W3C//DTD XHTML 1.0 Strict//EN"
        "http://www.w3.org/TR/xhtml1/DTD/xhtml1-strict.dtd">
<html xmlns="http://www.w3.org/1999/xhtml" xml:lang="" lang="">
<head>
  <title>Test Results Report - C_perferential</title>
  <meta http-equiv="Content-Type" content="text/html;charset=utf-8" />
  <meta name="description" content="TestNG unit test results." />
  <link href="reportng.css" rel="stylesheet" type="text/css" />
    <script type="text/javascript" src="reportng.js"></script>
</head>
<body>
<h1>C_perferential</h1>
<p>
  Test duration: 578.865s
</p>



  <table class="resultsTable">
    <tr><th colspan="3" class="header failed">Failed Tests</th></tr>
          <tr>
        <td colspan="3" class="group">com.wymall.test.testcases.preferential.business.BusinessPage_001_addBussiness_Test</td>
      </tr>
            
<tr>
  <td class="method">
                  addBussiness
      </td>
  <td class="duration">
    19.714s
  </td>
  <td class="result">
        
    
            <div class="testOutput">
                        result\screenshot\preferential/Business\001_addBussiness\运行错误&nbsp; _2018_08_24_11_43_14.jpg<br />
                                &lt;img src=&quot;../../result\screenshot\preferential/Business\001_addBussiness\运行错误&nbsp; _2018_08_24_11_43_14.jpg&quot;/&gt;<br />
                  </div>
    

        <a href="javascript:toggleElement('exception-0', 'block')" title="Click to expand/collapse"><b>java.lang.AssertionError: 期望的文字是 [新增商家成功] 但是找到了 [所填电话已存在]</b></a><br />
    <div class="stackTrace" id="exception-0">
              org.testng.Assert.fail(Assert.java:94)<br />
              com.wymall.test.utils.SeleniumUtil.isTextCorrect(SeleniumUtil.java:336)<br />
              com.wymall.test.utils.actions.impl.CheckTipsText.doAction(CheckTipsText.java:23)<br />
              com.wymall.test.utils.SuperAction.parseExcel(SuperAction.java:277)<br />
              com.wymall.test.testcases.preferential.business.BusinessPage_001_addBussiness_Test.addBussiness(BusinessPage_001_addBussiness_Test.java:8)<br />
              sun.reflect.NativeMethodAccessorImpl.invoke0(Native Method)<br />
              sun.reflect.NativeMethodAccessorImpl.invoke(NativeMethodAccessorImpl.java:62)<br />
              sun.reflect.DelegatingMethodAccessorImpl.invoke(DelegatingMethodAccessorImpl.java:43)<br />
              java.lang.reflect.Method.invoke(Method.java:498)<br />
              org.testng.internal.MethodInvocationHelper.invokeMethod(MethodInvocationHelper.java:84)<br />
              org.testng.internal.Invoker.invokeMethod(Invoker.java:714)<br />
              org.testng.internal.Invoker.invokeTestMethod(Invoker.java:901)<br />
              org.testng.internal.Invoker.invokeTestMethods(Invoker.java:1231)<br />
              org.testng.internal.TestMethodWorker.invokeTestMethods(TestMethodWorker.java:127)<br />
              org.testng.internal.TestMethodWorker.run(TestMethodWorker.java:111)<br />
              org.testng.TestRunner.privateRun(TestRunner.java:767)<br />
              org.testng.TestRunner.run(TestRunner.java:617)<br />
              org.testng.SuiteRunner.runTest(SuiteRunner.java:335)<br />
              org.testng.SuiteRunner.access$000(SuiteRunner.java:37)<br />
              org.testng.SuiteRunner$SuiteWorker.run(SuiteRunner.java:369)<br />
              org.testng.internal.thread.ThreadUtil$2.call(ThreadUtil.java:64)<br />
              java.util.concurrent.FutureTask.run(FutureTask.java:266)<br />
              java.util.concurrent.ThreadPoolExecutor.runWorker(ThreadPoolExecutor.java:1142)<br />
              java.util.concurrent.ThreadPoolExecutor$Worker.run(ThreadPoolExecutor.java:617)<br />
              java.lang.Thread.run(Thread.java:748)<br />
                </div>
      </td>
</tr>
          <tr>
        <td colspan="3" class="group">com.wymall.test.testcases.preferential.business.BusinessPage_004_editBusiness_Test</td>
      </tr>
            
<tr>
  <td class="method">
                  editBusiness
      </td>
  <td class="duration">
    18.930s
  </td>
  <td class="result">
        
    
            <div class="testOutput">
                        result\screenshot\preferential/Business\004_editBusiness\运行错误&nbsp; _2018_08_24_11_45_11.jpg<br />
                                &lt;img src=&quot;../../result\screenshot\preferential/Business\004_editBusiness\运行错误&nbsp; _2018_08_24_11_45_11.jpg&quot;/&gt;<br />
                  </div>
    

        <a href="javascript:toggleElement('exception-1', 'block')" title="Click to expand/collapse"><b>java.lang.AssertionError: 超时!! 10 秒之后还没找到元素 [By.xpath: //*[@id=&quot;couponTraderTable&quot;]//div[@class=&apos;el-table__fixed-right&apos;]//i[@class=&apos;el-icon-edit&apos;]]</b></a><br />
    <div class="stackTrace" id="exception-1">
              org.testng.Assert.fail(Assert.java:94)<br />
              com.wymall.test.utils.SeleniumUtil.waitForElementToLoad(SeleniumUtil.java:279)<br />
              com.wymall.test.utils.SeleniumUtil.click(SeleniumUtil.java:135)<br />
              com.wymall.test.utils.actions.impl.Click.doAction(Click.java:23)<br />
              com.wymall.test.utils.SuperAction.parseExcel(SuperAction.java:277)<br />
              com.wymall.test.testcases.preferential.business.BusinessPage_004_editBusiness_Test.editBusiness(BusinessPage_004_editBusiness_Test.java:8)<br />
              sun.reflect.NativeMethodAccessorImpl.invoke0(Native Method)<br />
              sun.reflect.NativeMethodAccessorImpl.invoke(NativeMethodAccessorImpl.java:62)<br />
              sun.reflect.DelegatingMethodAccessorImpl.invoke(DelegatingMethodAccessorImpl.java:43)<br />
              java.lang.reflect.Method.invoke(Method.java:498)<br />
              org.testng.internal.MethodInvocationHelper.invokeMethod(MethodInvocationHelper.java:84)<br />
              org.testng.internal.Invoker.invokeMethod(Invoker.java:714)<br />
              org.testng.internal.Invoker.invokeTestMethod(Invoker.java:901)<br />
              org.testng.internal.Invoker.invokeTestMethods(Invoker.java:1231)<br />
              org.testng.internal.TestMethodWorker.invokeTestMethods(TestMethodWorker.java:127)<br />
              org.testng.internal.TestMethodWorker.run(TestMethodWorker.java:111)<br />
              org.testng.TestRunner.privateRun(TestRunner.java:767)<br />
              org.testng.TestRunner.run(TestRunner.java:617)<br />
              org.testng.SuiteRunner.runTest(SuiteRunner.java:335)<br />
              org.testng.SuiteRunner.access$000(SuiteRunner.java:37)<br />
              org.testng.SuiteRunner$SuiteWorker.run(SuiteRunner.java:369)<br />
              org.testng.internal.thread.ThreadUtil$2.call(ThreadUtil.java:64)<br />
              java.util.concurrent.FutureTask.run(FutureTask.java:266)<br />
              java.util.concurrent.ThreadPoolExecutor.runWorker(ThreadPoolExecutor.java:1142)<br />
              java.util.concurrent.ThreadPoolExecutor$Worker.run(ThreadPoolExecutor.java:617)<br />
              java.lang.Thread.run(Thread.java:748)<br />
                </div>
      </td>
</tr>
          <tr>
        <td colspan="3" class="group">com.wymall.test.testcases.preferential.business.BusinessPage_005_delBusiness_Test</td>
      </tr>
            
<tr>
  <td class="method">
                  delBusiness
      </td>
  <td class="duration">
    17.944s
  </td>
  <td class="result">
        
    
            <div class="testOutput">
                        result\screenshot\preferential/Business\005_delBusiness\运行错误&nbsp; _2018_08_24_11_45_44.jpg<br />
                                &lt;img src=&quot;../../result\screenshot\preferential/Business\005_delBusiness\运行错误&nbsp; _2018_08_24_11_45_44.jpg&quot;/&gt;<br />
                  </div>
    

        <a href="javascript:toggleElement('exception-2', 'block')" title="Click to expand/collapse"><b>java.lang.AssertionError: 超时!! 10 秒之后还没找到元素 [By.xpath: //*[@id=&quot;couponTraderTable&quot;]//div[@class=&apos;el-table__fixed-right&apos;]//i[@class=&apos;el-icon-delete&apos;]]</b></a><br />
    <div class="stackTrace" id="exception-2">
              org.testng.Assert.fail(Assert.java:94)<br />
              com.wymall.test.utils.SeleniumUtil.waitForElementToLoad(SeleniumUtil.java:279)<br />
              com.wymall.test.utils.SeleniumUtil.click(SeleniumUtil.java:135)<br />
              com.wymall.test.utils.actions.impl.Click.doAction(Click.java:23)<br />
              com.wymall.test.utils.SuperAction.parseExcel(SuperAction.java:277)<br />
              com.wymall.test.testcases.preferential.business.BusinessPage_005_delBusiness_Test.delBusiness(BusinessPage_005_delBusiness_Test.java:8)<br />
              sun.reflect.NativeMethodAccessorImpl.invoke0(Native Method)<br />
              sun.reflect.NativeMethodAccessorImpl.invoke(NativeMethodAccessorImpl.java:62)<br />
              sun.reflect.DelegatingMethodAccessorImpl.invoke(DelegatingMethodAccessorImpl.java:43)<br />
              java.lang.reflect.Method.invoke(Method.java:498)<br />
              org.testng.internal.MethodInvocationHelper.invokeMethod(MethodInvocationHelper.java:84)<br />
              org.testng.internal.Invoker.invokeMethod(Invoker.java:714)<br />
              org.testng.internal.Invoker.invokeTestMethod(Invoker.java:901)<br />
              org.testng.internal.Invoker.invokeTestMethods(Invoker.java:1231)<br />
              org.testng.internal.TestMethodWorker.invokeTestMethods(TestMethodWorker.java:127)<br />
              org.testng.internal.TestMethodWorker.run(TestMethodWorker.java:111)<br />
              org.testng.TestRunner.privateRun(TestRunner.java:767)<br />
              org.testng.TestRunner.run(TestRunner.java:617)<br />
              org.testng.SuiteRunner.runTest(SuiteRunner.java:335)<br />
              org.testng.SuiteRunner.access$000(SuiteRunner.java:37)<br />
              org.testng.SuiteRunner$SuiteWorker.run(SuiteRunner.java:369)<br />
              org.testng.internal.thread.ThreadUtil$2.call(ThreadUtil.java:64)<br />
              java.util.concurrent.FutureTask.run(FutureTask.java:266)<br />
              java.util.concurrent.ThreadPoolExecutor.runWorker(ThreadPoolExecutor.java:1142)<br />
              java.util.concurrent.ThreadPoolExecutor$Worker.run(ThreadPoolExecutor.java:617)<br />
              java.lang.Thread.run(Thread.java:748)<br />
                </div>
      </td>
</tr>
      </table>


  <table class="resultsTable">
    <tr><th colspan="3" class="header passed">Passed Tests</th></tr>
          <tr>
        <td colspan="3" class="group">com.wymall.test.testcases.preferential.business.BusinessPage_002_setStratup_Test</td>
      </tr>
            
<tr>
  <td class="method">
                  setStratup
      </td>
  <td class="duration">
    23.850s
  </td>
  <td class="result">
        
    
        

      </td>
</tr>
          <tr>
        <td colspan="3" class="group">com.wymall.test.testcases.preferential.business.BusinessPage_003_setStop_Test</td>
      </tr>
            
<tr>
  <td class="method">
                  setStop
      </td>
  <td class="duration">
    23.737s
  </td>
  <td class="result">
        
    
        

      </td>
</tr>
          <tr>
        <td colspan="3" class="group">com.wymall.test.testcases.preferential.payVoucher.PayVoucherPage_001_addPayVoucher_Test</td>
      </tr>
            
<tr>
  <td class="method">
                  addPayVoucher
      </td>
  <td class="duration">
    19.153s
  </td>
  <td class="result">
        
    
        

      </td>
</tr>
          <tr>
        <td colspan="3" class="group">com.wymall.test.testcases.preferential.payVoucher.PayVoucherPage_002_editPayVoucher_Test</td>
      </tr>
            
<tr>
  <td class="method">
                  editPayVoucher
      </td>
  <td class="duration">
    11.038s
  </td>
  <td class="result">
        
    
        

      </td>
</tr>
          <tr>
        <td colspan="3" class="group">com.wymall.test.testcases.preferential.payVoucher.PayVoucherPage_003_setStratup_Test</td>
      </tr>
            
<tr>
  <td class="method">
                  setStratup
      </td>
  <td class="duration">
    7.069s
  </td>
  <td class="result">
        
    
        

      </td>
</tr>
          <tr>
        <td colspan="3" class="group">com.wymall.test.testcases.preferential.payVoucher.PayVoucherPage_004_setStop_Test</td>
      </tr>
            
<tr>
  <td class="method">
                  setStop
      </td>
  <td class="duration">
    7.416s
  </td>
  <td class="result">
        
    
        

      </td>
</tr>
          <tr>
        <td colspan="3" class="group">com.wymall.test.testcases.preferential.payVoucher.PayVoucherPage_005_filterPayVorcher_Test</td>
      </tr>
            
<tr>
  <td class="method">
                  filterPayVorcher
      </td>
  <td class="duration">
    6.111s
  </td>
  <td class="result">
        
    
        

      </td>
</tr>
          <tr>
        <td colspan="3" class="group">com.wymall.test.testcases.preferential.payVoucher.PayVoucherPage_006_delPayVoucher_Test</td>
      </tr>
            
<tr>
  <td class="method">
                  delPayVoucher
      </td>
  <td class="duration">
    7.579s
  </td>
  <td class="result">
        
    
        

      </td>
</tr>
          <tr>
        <td colspan="3" class="group">com.wymall.test.testcases.preferential.sell.SellPage_001_addSellTicket_Test</td>
      </tr>
            
<tr>
  <td class="method">
                  addSellTicket
      </td>
  <td class="duration">
    21.930s
  </td>
  <td class="result">
        
    
        

      </td>
</tr>
          <tr>
        <td colspan="3" class="group">com.wymall.test.testcases.preferential.sell.SellPage_002_returnVoucher_Test</td>
      </tr>
            
<tr>
  <td class="method">
                  returnVoucher
      </td>
  <td class="duration">
    11.336s
  </td>
  <td class="result">
        
    
        

      </td>
</tr>
          <tr>
        <td colspan="3" class="group">com.wymall.test.testcases.preferential.voucher.VoucherPage_001_addVoucher_Test</td>
      </tr>
            
<tr>
  <td class="method">
                  addVoucher
      </td>
  <td class="duration">
    22.523s
  </td>
  <td class="result">
        
    
        

      </td>
</tr>
          <tr>
        <td colspan="3" class="group">com.wymall.test.testcases.preferential.voucher.VoucherPage_002_editVoucher_Test</td>
      </tr>
            
<tr>
  <td class="method">
                  editVoucher
      </td>
  <td class="duration">
    37.235s
  </td>
  <td class="result">
        
    
        

      </td>
</tr>
          <tr>
        <td colspan="3" class="group">com.wymall.test.testcases.preferential.voucher.VoucherPage_003_delVoucher_Test</td>
      </tr>
            
<tr>
  <td class="method">
                  delVoucher
      </td>
  <td class="duration">
    8.455s
  </td>
  <td class="result">
        
    
        

      </td>
</tr>
          <tr>
        <td colspan="3" class="group">com.wymall.test.testcases.preferential.voucher.VoucherPage_004_setStop_Test</td>
      </tr>
            
<tr>
  <td class="method">
                  setStop
      </td>
  <td class="duration">
    8.597s
  </td>
  <td class="result">
        
    
        

      </td>
</tr>
          <tr>
        <td colspan="3" class="group">com.wymall.test.testcases.preferential.voucher.VoucherPage_005_setStratup_Test</td>
      </tr>
            
<tr>
  <td class="method">
                  setStratup
      </td>
  <td class="duration">
    8.522s
  </td>
  <td class="result">
        
    
        

      </td>
</tr>
      </table>
  
</body>
</html>
