<?xml version="1.0" encoding="UTF-8"?>
<!-- Generated by org.testng.reporters.JUnitXMLReporter -->
<testsuite hostname="ake-PC" name="B_system" tests="29" failures="1" timestamp="24 Aug 2018 03:42:40 GMT" time="875.513" errors="0">
  <testcase name="addChildOperator" time="26.262" classname="com.wymall.test.testcases.system.childOperator.ChildOperatorPage_001_addChildOperator_Test"/>
  <testcase name="unlockOperator" time="10.515" classname="com.wymall.test.testcases.system.childOperator.ChildOperatorPage_002_unlockOperator_Test"/>
  <testcase name="editOperator" time="12.012" classname="com.wymall.test.testcases.system.childOperator.ChildOperatorPage_003_editOperator_Test"/>
  <testcase name="detailOperator" time="9.311" classname="com.wymall.test.testcases.system.childOperator.ChildOperatorPage_004_detailOperator_Test"/>
  <testcase name="bindingParking" time="14.52" classname="com.wymall.test.testcases.system.childOperator.ChildOperatorPage_005_bindingParking_Test"/>
  <testcase name="setPassword" time="12.524" classname="com.wymall.test.testcases.system.childOperator.ChildOperatorPage_006_setPassword_Test"/>
  <testcase name="lockOperator" time="10.245" classname="com.wymall.test.testcases.system.childOperator.ChildOperatorPage_007_lockOperator_Test"/>
  <testcase name="delOperator" time="10.607" classname="com.wymall.test.testcases.system.childOperator.ChildOperatorPage_008_delOperator_Test"/>
  <testcase name="addMinProUser" time="8.67" classname="com.wymall.test.testcases.system.miniprogram_user.Miniprogram_userPage_001_addMinProUser_Test"/>
  <testcase name="setPower" time="30.08" classname="com.wymall.test.testcases.system.miniprogram_user.Miniprogram_userPage_002_setPower_Test"/>
  <testcase name="editUser" time="9.353" classname="com.wymall.test.testcases.system.miniprogram_user.Miniprogram_userPage_003_editUser_Test"/>
  <testcase name="setFrozen" time="7.2" classname="com.wymall.test.testcases.system.miniprogram_user.Miniprogram_userPage_004_setFrozen_Test"/>
  <testcase name="setStartuse" time="6.681" classname="com.wymall.test.testcases.system.miniprogram_user.Miniprogram_userPage_005_setStartuse_Test"/>
  <testcase name="delMinProUser" time="13.95" classname="com.wymall.test.testcases.system.miniprogram_user.Miniprogram_userPage_006_delMinProUser_Test"/>
  <testcase name="addParkingGroup" time="15.131" classname="com.wymall.test.testcases.system.parking_group.Parking_groupPage_001_addParkingGroup_Test"/>
  <testcase name="buidingParking" time="33.877" classname="com.wymall.test.testcases.system.parking_group.Parking_groupPage_002_buidingParking_Test"/>
  <testcase name="checkUser" time="9.756" classname="com.wymall.test.testcases.system.parking_group.Parking_groupPage_003_checkUser_Test"/>
  <testcase name="editParkingGroup" time="16.693" classname="com.wymall.test.testcases.system.parking_group.Parking_groupPage_004_editParkingGroup_Test"/>
  <testcase name="delParkingGroup" time="10.759" classname="com.wymall.test.testcases.system.parking_group.Parking_groupPage_005_delParkingGroup_Test"/>
  <testcase name="addRoleSuccess" time="11.268" classname="com.wymall.test.testcases.system.role.RolePage_001_addRoleSuccess_Test"/>
  <testcase name="settingRole" time="13.36" classname="com.wymall.test.testcases.system.role.RolePage_002_settingRole_Test"/>
  <testcase name="editRole" time="12.352" classname="com.wymall.test.testcases.system.role.RolePage_003_editRole_Test"/>
  <testcase name="delRoleSuccess" time="15.048" classname="com.wymall.test.testcases.system.role.RolePage_004_delRoleSuccess_Test"/>
  <testcase name="addUser" time="15.952" classname="com.wymall.test.testcases.system.user.UserPage_001_addUser_Test"/>
  <testcase name="setRole" time="11.63" classname="com.wymall.test.testcases.system.user.UserPage_002_setRole_Test"/>
  <testcase name="setParkingGroup" time="13.17" classname="com.wymall.test.testcases.system.user.UserPage_003_setParkingGroup_Test"/>
  <testcase name="editPassword" time="16.485" classname="com.wymall.test.testcases.system.user.UserPage_004_editPassword_Test"/>
  <testcase name="editUser" time="20.545" classname="com.wymall.test.testcases.system.user.UserPage_005_editUser_Test">
    <failure type="java.lang.AssertionError" message="期望的文字是 [操作成功] 但是找到了 []">
      <![CDATA[java.lang.AssertionError: 期望的文字是 [操作成功] 但是找到了 []
	at com.wymall.test.utils.SeleniumUtil.isTextCorrect(SeleniumUtil.java:336)
	at com.wymall.test.utils.actions.impl.CheckTipsText.doAction(CheckTipsText.java:23)
	at com.wymall.test.utils.SuperAction.parseExcel(SuperAction.java:277)
	at com.wymall.test.testcases.system.user.UserPage_005_editUser_Test.editUser(UserPage_005_editUser_Test.java:8)
	at java.util.concurrent.FutureTask.run(FutureTask.java:266)
	at java.util.concurrent.ThreadPoolExecutor.runWorker(ThreadPoolExecutor.java:1142)
	at java.util.concurrent.ThreadPoolExecutor$Worker.run(ThreadPoolExecutor.java:617)
	at java.lang.Thread.run(Thread.java:748)
... Removed 17 stack frames]]>
    </failure>
  </testcase> <!-- editUser -->
  <testcase name="delUser" time="8.691" classname="com.wymall.test.testcases.system.user.UserPage_006_delUser_Test"/>
</testsuite> <!-- B_system -->
