<html>
<head>
<title>TestNG:  C_perferential</title>
<link href="../testng.css" rel="stylesheet" type="text/css" />
<link href="../my-testng.css" rel="stylesheet" type="text/css" />

<style type="text/css">
.log { display: none;} 
.stack-trace { display: none;} 
</style>
<script type="text/javascript">
<!--
function flip(e) {
  current = e.style.display;
  if (current == 'block') {
    e.style.display = 'none';
    return 0;
  }
  else {
    e.style.display = 'block';
    return 1;
  }
}

function toggleBox(szDivId, elem, msg1, msg2)
{
  var res = -1;  if (document.getElementById) {
    res = flip(document.getElementById(szDivId));
  }
  else if (document.all) {
    // this is the way old msie versions work
    res = flip(document.all[szDivId]);
  }
  if(elem) {
    if(res == 0) elem.innerHTML = msg1; else elem.innerHTML = msg2;
  }

}

function toggleAllBoxes() {
  if (document.getElementsByTagName) {
    d = document.getElementsByTagName('div');
    for (i = 0; i < d.length; i++) {
      if (d[i].className == 'log') {
        flip(d[i]);
      }
    }
  }
}

// -->
</script>

</head>
<body>
<h2 align='center'>C_perferential</h2><table border='1' align="center">
<tr>
<td>Tests passed/Failed/Skipped:</td><td>15/3/0</td>
</tr><tr>
<td>Started on:</td><td>Fri Aug 24 11:42:40 CST 2018</td>
</tr>
<tr><td>Total time:</td><td>579 seconds (579781 ms)</td>
</tr><tr>
<td>Included groups:</td><td></td>
</tr><tr>
<td>Excluded groups:</td><td></td>
</tr>
</table><p/>
<small><i>(Hover the method name to see the test class name)</i></small><p/>
<table width='100%' border='1' class='invocation-failed'>
<tr><td colspan='4' align='center'><b>FAILED TESTS</b></td></tr>
<tr><td><b>Test method</b></td>
<td width="30%"><b>Exception</b></td>
<td width="10%"><b>Time (seconds)</b></td>
<td><b>Instance</b></td>
</tr>
<tr>
<td title='com.wymall.test.testcases.preferential.business.BusinessPage_001_addBussiness_Test.addBussiness()'><b>addBussiness</b><br>Test class: com.wymall.test.testcases.preferential.business.BusinessPage_001_addBussiness_Test<br/>
<a href="#Output-1931764221" onClick='toggleBox("Output-1931764221", this, "Show output", "Hide output");'>Show output</a>

<a href="#Output-1931764221" onClick="toggleAllBoxes();">Show all outputs</a>
<div class='log' id="Output-1931764221">
result\screenshot\preferential/Business\001_addBussiness\运行错误  _2018_08_24_11_43_14.jpg<br/>
<img src="../../result\screenshot\preferential/Business\001_addBussiness\运行错误  _2018_08_24_11_43_14.jpg"/><br/>
</div>
</td>
<td><div><pre>java.lang.AssertionError: 期望的文字是 [新增商家成功] 但是找到了 [所填电话已存在]
	at com.wymall.test.utils.SeleniumUtil.isTextCorrect(SeleniumUtil.java:336)
	at com.wymall.test.utils.actions.impl.CheckTipsText.doAction(CheckTipsText.java:23)
	at com.wymall.test.utils.SuperAction.parseExcel(SuperAction.java:277)
	at com.wymall.test.testcases.preferential.business.BusinessPage_001_addBussiness_Test.addBussiness(BusinessPage_001_addBussiness_Test.java:8)
	at java.util.concurrent.FutureTask.run(FutureTask.java:266)
	at java.util.concurrent.ThreadPoolExecutor.runWorker(ThreadPoolExecutor.java:1142)
	at java.util.concurrent.ThreadPoolExecutor$Worker.run(ThreadPoolExecutor.java:617)
	at java.lang.Thread.run(Thread.java:748)
... Removed 17 stack frames</pre></div><a href='#' onClick='toggleBox("stack-trace1931764221", this, "Click to show all stack frames", "Click to hide stack frames")'>Click to show all stack frames</a>
<div class='stack-trace' id='stack-trace1931764221'><pre>java.lang.AssertionError: 期望的文字是 [新增商家成功] 但是找到了 [所填电话已存在]
	at org.testng.Assert.fail(Assert.java:94)
	at com.wymall.test.utils.SeleniumUtil.isTextCorrect(SeleniumUtil.java:336)
	at com.wymall.test.utils.actions.impl.CheckTipsText.doAction(CheckTipsText.java:23)
	at com.wymall.test.utils.SuperAction.parseExcel(SuperAction.java:277)
	at com.wymall.test.testcases.preferential.business.BusinessPage_001_addBussiness_Test.addBussiness(BusinessPage_001_addBussiness_Test.java:8)
	at sun.reflect.NativeMethodAccessorImpl.invoke0(Native Method)
	at sun.reflect.NativeMethodAccessorImpl.invoke(NativeMethodAccessorImpl.java:62)
	at sun.reflect.DelegatingMethodAccessorImpl.invoke(DelegatingMethodAccessorImpl.java:43)
	at java.lang.reflect.Method.invoke(Method.java:498)
	at org.testng.internal.MethodInvocationHelper.invokeMethod(MethodInvocationHelper.java:84)
	at org.testng.internal.Invoker.invokeMethod(Invoker.java:714)
	at org.testng.internal.Invoker.invokeTestMethod(Invoker.java:901)
	at org.testng.internal.Invoker.invokeTestMethods(Invoker.java:1231)
	at org.testng.internal.TestMethodWorker.invokeTestMethods(TestMethodWorker.java:127)
	at org.testng.internal.TestMethodWorker.run(TestMethodWorker.java:111)
	at org.testng.TestRunner.privateRun(TestRunner.java:767)
	at org.testng.TestRunner.run(TestRunner.java:617)
	at org.testng.SuiteRunner.runTest(SuiteRunner.java:335)
	at org.testng.SuiteRunner.access$000(SuiteRunner.java:37)
	at org.testng.SuiteRunner$SuiteWorker.run(SuiteRunner.java:369)
	at org.testng.internal.thread.ThreadUtil$2.call(ThreadUtil.java:64)
	at java.util.concurrent.FutureTask.run(FutureTask.java:266)
	at java.util.concurrent.ThreadPoolExecutor.runWorker(ThreadPoolExecutor.java:1142)
	at java.util.concurrent.ThreadPoolExecutor$Worker.run(ThreadPoolExecutor.java:617)
	at java.lang.Thread.run(Thread.java:748)
</pre></div></td>
<td>19</td>
<td>com.wymall.test.testcases.preferential.business.BusinessPage_001_addBussiness_Test@29b5cd00</td></tr>
<tr>
<td title='com.wymall.test.testcases.preferential.business.BusinessPage_005_delBusiness_Test.delBusiness()'><b>delBusiness</b><br>Test class: com.wymall.test.testcases.preferential.business.BusinessPage_005_delBusiness_Test<br/>
<a href="#Output-669961124" onClick='toggleBox("Output-669961124", this, "Show output", "Hide output");'>Show output</a>

<a href="#Output-669961124" onClick="toggleAllBoxes();">Show all outputs</a>
<div class='log' id="Output-669961124">
result\screenshot\preferential/Business\005_delBusiness\运行错误  _2018_08_24_11_45_44.jpg<br/>
<img src="../../result\screenshot\preferential/Business\005_delBusiness\运行错误  _2018_08_24_11_45_44.jpg"/><br/>
</div>
</td>
<td><div><pre>java.lang.AssertionError: 超时!! 10 秒之后还没找到元素 [By.xpath: //*[@id=&quot;couponTraderTable&quot;]//div[@class=&apos;el-table__fixed-right&apos;]//i[@class=&apos;el-icon-delete&apos;]]
	at com.wymall.test.utils.SeleniumUtil.waitForElementToLoad(SeleniumUtil.java:279)
	at com.wymall.test.utils.SeleniumUtil.click(SeleniumUtil.java:135)
	at com.wymall.test.utils.actions.impl.Click.doAction(Click.java:23)
	at com.wymall.test.utils.SuperAction.parseExcel(SuperAction.java:277)
	at com.wymall.test.testcases.preferential.business.BusinessPage_005_delBusiness_Test.delBusiness(BusinessPage_005_delBusiness_Test.java:8)
	at java.util.concurrent.FutureTask.run(FutureTask.java:266)
	at java.util.concurrent.ThreadPoolExecutor.runWorker(ThreadPoolExecutor.java:1142)
	at java.util.concurrent.ThreadPoolExecutor$Worker.run(ThreadPoolExecutor.java:617)
	at java.lang.Thread.run(Thread.java:748)
... Removed 17 stack frames</pre></div><a href='#' onClick='toggleBox("stack-trace669961124", this, "Click to show all stack frames", "Click to hide stack frames")'>Click to show all stack frames</a>
<div class='stack-trace' id='stack-trace669961124'><pre>java.lang.AssertionError: 超时!! 10 秒之后还没找到元素 [By.xpath: //*[@id=&quot;couponTraderTable&quot;]//div[@class=&apos;el-table__fixed-right&apos;]//i[@class=&apos;el-icon-delete&apos;]]
	at org.testng.Assert.fail(Assert.java:94)
	at com.wymall.test.utils.SeleniumUtil.waitForElementToLoad(SeleniumUtil.java:279)
	at com.wymall.test.utils.SeleniumUtil.click(SeleniumUtil.java:135)
	at com.wymall.test.utils.actions.impl.Click.doAction(Click.java:23)
	at com.wymall.test.utils.SuperAction.parseExcel(SuperAction.java:277)
	at com.wymall.test.testcases.preferential.business.BusinessPage_005_delBusiness_Test.delBusiness(BusinessPage_005_delBusiness_Test.java:8)
	at sun.reflect.NativeMethodAccessorImpl.invoke0(Native Method)
	at sun.reflect.NativeMethodAccessorImpl.invoke(NativeMethodAccessorImpl.java:62)
	at sun.reflect.DelegatingMethodAccessorImpl.invoke(DelegatingMethodAccessorImpl.java:43)
	at java.lang.reflect.Method.invoke(Method.java:498)
	at org.testng.internal.MethodInvocationHelper.invokeMethod(MethodInvocationHelper.java:84)
	at org.testng.internal.Invoker.invokeMethod(Invoker.java:714)
	at org.testng.internal.Invoker.invokeTestMethod(Invoker.java:901)
	at org.testng.internal.Invoker.invokeTestMethods(Invoker.java:1231)
	at org.testng.internal.TestMethodWorker.invokeTestMethods(TestMethodWorker.java:127)
	at org.testng.internal.TestMethodWorker.run(TestMethodWorker.java:111)
	at org.testng.TestRunner.privateRun(TestRunner.java:767)
	at org.testng.TestRunner.run(TestRunner.java:617)
	at org.testng.SuiteRunner.runTest(SuiteRunner.java:335)
	at org.testng.SuiteRunner.access$000(SuiteRunner.java:37)
	at org.testng.SuiteRunner$SuiteWorker.run(SuiteRunner.java:369)
	at org.testng.internal.thread.ThreadUtil$2.call(ThreadUtil.java:64)
	at java.util.concurrent.FutureTask.run(FutureTask.java:266)
	at java.util.concurrent.ThreadPoolExecutor.runWorker(ThreadPoolExecutor.java:1142)
	at java.util.concurrent.ThreadPoolExecutor$Worker.run(ThreadPoolExecutor.java:617)
	at java.lang.Thread.run(Thread.java:748)
</pre></div></td>
<td>17</td>
<td>com.wymall.test.testcases.preferential.business.BusinessPage_005_delBusiness_Test@12cdcf4</td></tr>
<tr>
<td title='com.wymall.test.testcases.preferential.business.BusinessPage_004_editBusiness_Test.editBusiness()'><b>editBusiness</b><br>Test class: com.wymall.test.testcases.preferential.business.BusinessPage_004_editBusiness_Test<br/>
<a href="#Output-1392078923" onClick='toggleBox("Output-1392078923", this, "Show output", "Hide output");'>Show output</a>

<a href="#Output-1392078923" onClick="toggleAllBoxes();">Show all outputs</a>
<div class='log' id="Output-1392078923">
result\screenshot\preferential/Business\004_editBusiness\运行错误  _2018_08_24_11_45_11.jpg<br/>
<img src="../../result\screenshot\preferential/Business\004_editBusiness\运行错误  _2018_08_24_11_45_11.jpg"/><br/>
</div>
</td>
<td><div><pre>java.lang.AssertionError: 超时!! 10 秒之后还没找到元素 [By.xpath: //*[@id=&quot;couponTraderTable&quot;]//div[@class=&apos;el-table__fixed-right&apos;]//i[@class=&apos;el-icon-edit&apos;]]
	at com.wymall.test.utils.SeleniumUtil.waitForElementToLoad(SeleniumUtil.java:279)
	at com.wymall.test.utils.SeleniumUtil.click(SeleniumUtil.java:135)
	at com.wymall.test.utils.actions.impl.Click.doAction(Click.java:23)
	at com.wymall.test.utils.SuperAction.parseExcel(SuperAction.java:277)
	at com.wymall.test.testcases.preferential.business.BusinessPage_004_editBusiness_Test.editBusiness(BusinessPage_004_editBusiness_Test.java:8)
	at java.util.concurrent.FutureTask.run(FutureTask.java:266)
	at java.util.concurrent.ThreadPoolExecutor.runWorker(ThreadPoolExecutor.java:1142)
	at java.util.concurrent.ThreadPoolExecutor$Worker.run(ThreadPoolExecutor.java:617)
	at java.lang.Thread.run(Thread.java:748)
... Removed 17 stack frames</pre></div><a href='#' onClick='toggleBox("stack-trace1392078923", this, "Click to show all stack frames", "Click to hide stack frames")'>Click to show all stack frames</a>
<div class='stack-trace' id='stack-trace1392078923'><pre>java.lang.AssertionError: 超时!! 10 秒之后还没找到元素 [By.xpath: //*[@id=&quot;couponTraderTable&quot;]//div[@class=&apos;el-table__fixed-right&apos;]//i[@class=&apos;el-icon-edit&apos;]]
	at org.testng.Assert.fail(Assert.java:94)
	at com.wymall.test.utils.SeleniumUtil.waitForElementToLoad(SeleniumUtil.java:279)
	at com.wymall.test.utils.SeleniumUtil.click(SeleniumUtil.java:135)
	at com.wymall.test.utils.actions.impl.Click.doAction(Click.java:23)
	at com.wymall.test.utils.SuperAction.parseExcel(SuperAction.java:277)
	at com.wymall.test.testcases.preferential.business.BusinessPage_004_editBusiness_Test.editBusiness(BusinessPage_004_editBusiness_Test.java:8)
	at sun.reflect.NativeMethodAccessorImpl.invoke0(Native Method)
	at sun.reflect.NativeMethodAccessorImpl.invoke(NativeMethodAccessorImpl.java:62)
	at sun.reflect.DelegatingMethodAccessorImpl.invoke(DelegatingMethodAccessorImpl.java:43)
	at java.lang.reflect.Method.invoke(Method.java:498)
	at org.testng.internal.MethodInvocationHelper.invokeMethod(MethodInvocationHelper.java:84)
	at org.testng.internal.Invoker.invokeMethod(Invoker.java:714)
	at org.testng.internal.Invoker.invokeTestMethod(Invoker.java:901)
	at org.testng.internal.Invoker.invokeTestMethods(Invoker.java:1231)
	at org.testng.internal.TestMethodWorker.invokeTestMethods(TestMethodWorker.java:127)
	at org.testng.internal.TestMethodWorker.run(TestMethodWorker.java:111)
	at org.testng.TestRunner.privateRun(TestRunner.java:767)
	at org.testng.TestRunner.run(TestRunner.java:617)
	at org.testng.SuiteRunner.runTest(SuiteRunner.java:335)
	at org.testng.SuiteRunner.access$000(SuiteRunner.java:37)
	at org.testng.SuiteRunner$SuiteWorker.run(SuiteRunner.java:369)
	at org.testng.internal.thread.ThreadUtil$2.call(ThreadUtil.java:64)
	at java.util.concurrent.FutureTask.run(FutureTask.java:266)
	at java.util.concurrent.ThreadPoolExecutor.runWorker(ThreadPoolExecutor.java:1142)
	at java.util.concurrent.ThreadPoolExecutor$Worker.run(ThreadPoolExecutor.java:617)
	at java.lang.Thread.run(Thread.java:748)
</pre></div></td>
<td>18</td>
<td>com.wymall.test.testcases.preferential.business.BusinessPage_004_editBusiness_Test@5bfbf16f</td></tr>
</table><p>
<table width='100%' border='1' class='invocation-passed'>
<tr><td colspan='4' align='center'><b>PASSED TESTS</b></td></tr>
<tr><td><b>Test method</b></td>
<td width="30%"><b>Exception</b></td>
<td width="10%"><b>Time (seconds)</b></td>
<td><b>Instance</b></td>
</tr>
<tr>
<td title='com.wymall.test.testcases.preferential.payVoucher.PayVoucherPage_001_addPayVoucher_Test.addPayVoucher()'><b>addPayVoucher</b><br>Test class: com.wymall.test.testcases.preferential.payVoucher.PayVoucherPage_001_addPayVoucher_Test</td>
<td></td>
<td>19</td>
<td>com.wymall.test.testcases.preferential.payVoucher.PayVoucherPage_001_addPayVoucher_Test@60285225</td></tr>
<tr>
<td title='com.wymall.test.testcases.preferential.sell.SellPage_001_addSellTicket_Test.addSellTicket()'><b>addSellTicket</b><br>Test class: com.wymall.test.testcases.preferential.sell.SellPage_001_addSellTicket_Test</td>
<td></td>
<td>21</td>
<td>com.wymall.test.testcases.preferential.sell.SellPage_001_addSellTicket_Test@27f723</td></tr>
<tr>
<td title='com.wymall.test.testcases.preferential.voucher.VoucherPage_001_addVoucher_Test.addVoucher()'><b>addVoucher</b><br>Test class: com.wymall.test.testcases.preferential.voucher.VoucherPage_001_addVoucher_Test</td>
<td></td>
<td>22</td>
<td>com.wymall.test.testcases.preferential.voucher.VoucherPage_001_addVoucher_Test@7113b13f</td></tr>
<tr>
<td title='com.wymall.test.testcases.preferential.payVoucher.PayVoucherPage_006_delPayVoucher_Test.delPayVoucher()'><b>delPayVoucher</b><br>Test class: com.wymall.test.testcases.preferential.payVoucher.PayVoucherPage_006_delPayVoucher_Test</td>
<td></td>
<td>7</td>
<td>com.wymall.test.testcases.preferential.payVoucher.PayVoucherPage_006_delPayVoucher_Test@25af5db5</td></tr>
<tr>
<td title='com.wymall.test.testcases.preferential.voucher.VoucherPage_003_delVoucher_Test.delVoucher()'><b>delVoucher</b><br>Test class: com.wymall.test.testcases.preferential.voucher.VoucherPage_003_delVoucher_Test</td>
<td></td>
<td>8</td>
<td>com.wymall.test.testcases.preferential.voucher.VoucherPage_003_delVoucher_Test@5bcea91b</td></tr>
<tr>
<td title='com.wymall.test.testcases.preferential.payVoucher.PayVoucherPage_002_editPayVoucher_Test.editPayVoucher()'><b>editPayVoucher</b><br>Test class: com.wymall.test.testcases.preferential.payVoucher.PayVoucherPage_002_editPayVoucher_Test</td>
<td></td>
<td>11</td>
<td>com.wymall.test.testcases.preferential.payVoucher.PayVoucherPage_002_editPayVoucher_Test@6043cd28</td></tr>
<tr>
<td title='com.wymall.test.testcases.preferential.voucher.VoucherPage_002_editVoucher_Test.editVoucher()'><b>editVoucher</b><br>Test class: com.wymall.test.testcases.preferential.voucher.VoucherPage_002_editVoucher_Test</td>
<td></td>
<td>37</td>
<td>com.wymall.test.testcases.preferential.voucher.VoucherPage_002_editVoucher_Test@cb51256</td></tr>
<tr>
<td title='com.wymall.test.testcases.preferential.payVoucher.PayVoucherPage_005_filterPayVorcher_Test.filterPayVorcher()'><b>filterPayVorcher</b><br>Test class: com.wymall.test.testcases.preferential.payVoucher.PayVoucherPage_005_filterPayVorcher_Test</td>
<td></td>
<td>6</td>
<td>com.wymall.test.testcases.preferential.payVoucher.PayVoucherPage_005_filterPayVorcher_Test@45820e51</td></tr>
<tr>
<td title='com.wymall.test.testcases.preferential.sell.SellPage_002_returnVoucher_Test.returnVoucher()'><b>returnVoucher</b><br>Test class: com.wymall.test.testcases.preferential.sell.SellPage_002_returnVoucher_Test</td>
<td></td>
<td>11</td>
<td>com.wymall.test.testcases.preferential.sell.SellPage_002_returnVoucher_Test@e874448</td></tr>
<tr>
<td title='com.wymall.test.testcases.preferential.business.BusinessPage_003_setStop_Test.setStop()'><b>setStop</b><br>Test class: com.wymall.test.testcases.preferential.business.BusinessPage_003_setStop_Test</td>
<td></td>
<td>23</td>
<td>com.wymall.test.testcases.preferential.business.BusinessPage_003_setStop_Test@7ce6a65d</td></tr>
<tr>
<td title='com.wymall.test.testcases.preferential.payVoucher.PayVoucherPage_004_setStop_Test.setStop()'><b>setStop</b><br>Test class: com.wymall.test.testcases.preferential.payVoucher.PayVoucherPage_004_setStop_Test</td>
<td></td>
<td>7</td>
<td>com.wymall.test.testcases.preferential.payVoucher.PayVoucherPage_004_setStop_Test@4abdb505</td></tr>
<tr>
<td title='com.wymall.test.testcases.preferential.voucher.VoucherPage_004_setStop_Test.setStop()'><b>setStop</b><br>Test class: com.wymall.test.testcases.preferential.voucher.VoucherPage_004_setStop_Test</td>
<td></td>
<td>8</td>
<td>com.wymall.test.testcases.preferential.voucher.VoucherPage_004_setStop_Test@5f3a4b84</td></tr>
<tr>
<td title='com.wymall.test.testcases.preferential.business.BusinessPage_002_setStratup_Test.setStratup()'><b>setStratup</b><br>Test class: com.wymall.test.testcases.preferential.business.BusinessPage_002_setStratup_Test</td>
<td></td>
<td>23</td>
<td>com.wymall.test.testcases.preferential.business.BusinessPage_002_setStratup_Test@59906517</td></tr>
<tr>
<td title='com.wymall.test.testcases.preferential.payVoucher.PayVoucherPage_003_setStratup_Test.setStratup()'><b>setStratup</b><br>Test class: com.wymall.test.testcases.preferential.payVoucher.PayVoucherPage_003_setStratup_Test</td>
<td></td>
<td>7</td>
<td>com.wymall.test.testcases.preferential.payVoucher.PayVoucherPage_003_setStratup_Test@1500955a</td></tr>
<tr>
<td title='com.wymall.test.testcases.preferential.voucher.VoucherPage_005_setStratup_Test.setStratup()'><b>setStratup</b><br>Test class: com.wymall.test.testcases.preferential.voucher.VoucherPage_005_setStratup_Test</td>
<td></td>
<td>8</td>
<td>com.wymall.test.testcases.preferential.voucher.VoucherPage_005_setStratup_Test@42d8062c</td></tr>
</table><p>
</body>
</html>