<?xml version="1.0" encoding="UTF-8"?>
<!-- Generated by org.testng.reporters.JUnitXMLReporter -->
<testsuite hostname="ake-PC" name="C_perferential" tests="18" failures="3" timestamp="24 Aug 2018 03:52:20 GMT" time="579.781" errors="0">
  <testcase name="addBussiness" time="19.714" classname="com.wymall.test.testcases.preferential.business.BusinessPage_001_addBussiness_Test">
    <failure type="java.lang.AssertionError" message="期望的文字是 [新增商家成功] 但是找到了 [所填电话已存在]">
      <![CDATA[java.lang.AssertionError: 期望的文字是 [新增商家成功] 但是找到了 [所填电话已存在]
	at com.wymall.test.utils.SeleniumUtil.isTextCorrect(SeleniumUtil.java:336)
	at com.wymall.test.utils.actions.impl.CheckTipsText.doAction(CheckTipsText.java:23)
	at com.wymall.test.utils.SuperAction.parseExcel(SuperAction.java:277)
	at com.wymall.test.testcases.preferential.business.BusinessPage_001_addBussiness_Test.addBussiness(BusinessPage_001_addBussiness_Test.java:8)
	at java.util.concurrent.FutureTask.run(FutureTask.java:266)
	at java.util.concurrent.ThreadPoolExecutor.runWorker(ThreadPoolExecutor.java:1142)
	at java.util.concurrent.ThreadPoolExecutor$Worker.run(ThreadPoolExecutor.java:617)
	at java.lang.Thread.run(Thread.java:748)
... Removed 17 stack frames]]>
    </failure>
  </testcase> <!-- addBussiness -->
  <testcase name="setStratup" time="23.85" classname="com.wymall.test.testcases.preferential.business.BusinessPage_002_setStratup_Test"/>
  <testcase name="setStop" time="23.737" classname="com.wymall.test.testcases.preferential.business.BusinessPage_003_setStop_Test"/>
  <testcase name="editBusiness" time="18.93" classname="com.wymall.test.testcases.preferential.business.BusinessPage_004_editBusiness_Test">
    <failure type="java.lang.AssertionError" message="超时!! 10 秒之后还没找到元素 [By.xpath: //*[@id=&amp;quot;couponTraderTable&amp;quot;]//div[@class=&amp;apos;el-table__fixed-right&amp;apos;]//i[@class=&amp;apos;el-icon-edit&amp;apos;]]">
      <![CDATA[java.lang.AssertionError: 超时!! 10 秒之后还没找到元素 [By.xpath: //*[@id="couponTraderTable"]//div[@class='el-table__fixed-right']//i[@class='el-icon-edit']]
	at com.wymall.test.utils.SeleniumUtil.waitForElementToLoad(SeleniumUtil.java:279)
	at com.wymall.test.utils.SeleniumUtil.click(SeleniumUtil.java:135)
	at com.wymall.test.utils.actions.impl.Click.doAction(Click.java:23)
	at com.wymall.test.utils.SuperAction.parseExcel(SuperAction.java:277)
	at com.wymall.test.testcases.preferential.business.BusinessPage_004_editBusiness_Test.editBusiness(BusinessPage_004_editBusiness_Test.java:8)
	at java.util.concurrent.FutureTask.run(FutureTask.java:266)
	at java.util.concurrent.ThreadPoolExecutor.runWorker(ThreadPoolExecutor.java:1142)
	at java.util.concurrent.ThreadPoolExecutor$Worker.run(ThreadPoolExecutor.java:617)
	at java.lang.Thread.run(Thread.java:748)
... Removed 17 stack frames]]>
    </failure>
  </testcase> <!-- editBusiness -->
  <testcase name="delBusiness" time="17.944" classname="com.wymall.test.testcases.preferential.business.BusinessPage_005_delBusiness_Test">
    <failure type="java.lang.AssertionError" message="超时!! 10 秒之后还没找到元素 [By.xpath: //*[@id=&amp;quot;couponTraderTable&amp;quot;]//div[@class=&amp;apos;el-table__fixed-right&amp;apos;]//i[@class=&amp;apos;el-icon-delete&amp;apos;]]">
      <![CDATA[java.lang.AssertionError: 超时!! 10 秒之后还没找到元素 [By.xpath: //*[@id="couponTraderTable"]//div[@class='el-table__fixed-right']//i[@class='el-icon-delete']]
	at com.wymall.test.utils.SeleniumUtil.waitForElementToLoad(SeleniumUtil.java:279)
	at com.wymall.test.utils.SeleniumUtil.click(SeleniumUtil.java:135)
	at com.wymall.test.utils.actions.impl.Click.doAction(Click.java:23)
	at com.wymall.test.utils.SuperAction.parseExcel(SuperAction.java:277)
	at com.wymall.test.testcases.preferential.business.BusinessPage_005_delBusiness_Test.delBusiness(BusinessPage_005_delBusiness_Test.java:8)
	at java.util.concurrent.FutureTask.run(FutureTask.java:266)
	at java.util.concurrent.ThreadPoolExecutor.runWorker(ThreadPoolExecutor.java:1142)
	at java.util.concurrent.ThreadPoolExecutor$Worker.run(ThreadPoolExecutor.java:617)
	at java.lang.Thread.run(Thread.java:748)
... Removed 17 stack frames]]>
    </failure>
  </testcase> <!-- delBusiness -->
  <testcase name="addPayVoucher" time="19.153" classname="com.wymall.test.testcases.preferential.payVoucher.PayVoucherPage_001_addPayVoucher_Test"/>
  <testcase name="editPayVoucher" time="11.038" classname="com.wymall.test.testcases.preferential.payVoucher.PayVoucherPage_002_editPayVoucher_Test"/>
  <testcase name="setStratup" time="7.069" classname="com.wymall.test.testcases.preferential.payVoucher.PayVoucherPage_003_setStratup_Test"/>
  <testcase name="setStop" time="7.416" classname="com.wymall.test.testcases.preferential.payVoucher.PayVoucherPage_004_setStop_Test"/>
  <testcase name="filterPayVorcher" time="6.111" classname="com.wymall.test.testcases.preferential.payVoucher.PayVoucherPage_005_filterPayVorcher_Test"/>
  <testcase name="delPayVoucher" time="7.579" classname="com.wymall.test.testcases.preferential.payVoucher.PayVoucherPage_006_delPayVoucher_Test"/>
  <testcase name="addSellTicket" time="21.93" classname="com.wymall.test.testcases.preferential.sell.SellPage_001_addSellTicket_Test"/>
  <testcase name="returnVoucher" time="11.336" classname="com.wymall.test.testcases.preferential.sell.SellPage_002_returnVoucher_Test"/>
  <testcase name="addVoucher" time="22.523" classname="com.wymall.test.testcases.preferential.voucher.VoucherPage_001_addVoucher_Test"/>
  <testcase name="editVoucher" time="37.235" classname="com.wymall.test.testcases.preferential.voucher.VoucherPage_002_editVoucher_Test"/>
  <testcase name="delVoucher" time="8.455" classname="com.wymall.test.testcases.preferential.voucher.VoucherPage_003_delVoucher_Test"/>
  <testcase name="setStop" time="8.597" classname="com.wymall.test.testcases.preferential.voucher.VoucherPage_004_setStop_Test"/>
  <testcase name="setStratup" time="8.522" classname="com.wymall.test.testcases.preferential.voucher.VoucherPage_005_setStratup_Test"/>
</testsuite> <!-- C_perferential -->
