<?xml version="1.0" encoding="UTF-8"?>
<!-- Generated by org.testng.reporters.JUnitReportReporter -->
<testsuite hostname="ake-PC" name="com.wymall.test.testcases.preferential.business.BusinessPage_004_editBusiness_Test" tests="1" failures="0" timestamp="24 Aug 2018 04:05:37 GMT" time="18.930" errors="1">
  <testcase name="editBusiness" time="18.930" classname="com.wymall.test.testcases.preferential.business.BusinessPage_004_editBusiness_Test">
    <error type="java.lang.AssertionError" message="超时!! 10 秒之后还没找到元素 [By.xpath: //*[@id=&quot;couponTraderTable&quot;]//div[@class=&#039;el-table__fixed-right&#039;]//i[@class=&#039;el-icon-edit&#039;]]">
      <![CDATA[java.lang.AssertionError: 超时!! 10 秒之后还没找到元素 [By.xpath: //*[@id="couponTraderTable"]//div[@class='el-table__fixed-right']//i[@class='el-icon-edit']]
	at org.testng.Assert.fail(Assert.java:94)
	at com.wymall.test.utils.SeleniumUtil.waitForElementToLoad(SeleniumUtil.java:279)
	at com.wymall.test.utils.SeleniumUtil.click(SeleniumUtil.java:135)
	at com.wymall.test.utils.actions.impl.Click.doAction(Click.java:23)
	at com.wymall.test.utils.SuperAction.parseExcel(SuperAction.java:277)
	at com.wymall.test.testcases.preferential.business.BusinessPage_004_editBusiness_Test.editBusiness(BusinessPage_004_editBusiness_Test.java:8)
	at sun.reflect.NativeMethodAccessorImpl.invoke0(Native Method)
	at sun.reflect.NativeMethodAccessorImpl.invoke(NativeMethodAccessorImpl.java:62)
	at sun.reflect.DelegatingMethodAccessorImpl.invoke(DelegatingMethodAccessorImpl.java:43)
	at java.lang.reflect.Method.invoke(Method.java:498)
	at org.testng.internal.MethodInvocationHelper.invokeMethod(MethodInvocationHelper.java:84)
	at org.testng.internal.Invoker.invokeMethod(Invoker.java:714)
	at org.testng.internal.Invoker.invokeTestMethod(Invoker.java:901)
	at org.testng.internal.Invoker.invokeTestMethods(Invoker.java:1231)
	at org.testng.internal.TestMethodWorker.invokeTestMethods(TestMethodWorker.java:127)
	at org.testng.internal.TestMethodWorker.run(TestMethodWorker.java:111)
	at org.testng.TestRunner.privateRun(TestRunner.java:767)
	at org.testng.TestRunner.run(TestRunner.java:617)
	at org.testng.SuiteRunner.runTest(SuiteRunner.java:335)
	at org.testng.SuiteRunner.access$000(SuiteRunner.java:37)
	at org.testng.SuiteRunner$SuiteWorker.run(SuiteRunner.java:369)
	at org.testng.internal.thread.ThreadUtil$2.call(ThreadUtil.java:64)
	at java.util.concurrent.FutureTask.run(FutureTask.java:266)
	at java.util.concurrent.ThreadPoolExecutor.runWorker(ThreadPoolExecutor.java:1142)
	at java.util.concurrent.ThreadPoolExecutor$Worker.run(ThreadPoolExecutor.java:617)
	at java.lang.Thread.run(Thread.java:748)
]]>
    </error>
  </testcase> <!-- editBusiness -->
</testsuite> <!-- com.wymall.test.testcases.preferential.business.BusinessPage_004_editBusiness_Test -->
